<?xml version="1.0" encoding="UTF-8"?>
<testsuite name="ReadabilityTest" tests="1" skipped="0" failures="0" errors="0" timestamp="2022-06-15T16:18:21" hostname="MINT-LAPTOP" time="0.133">
  <properties/>
  <testcase name="start" classname="ReadabilityTest" time="0.133"/>
  <system-out><![CDATA[?[1;31m
Start test 1?[0m
Words: 108
Sentences: 6
Characters: 580
Syllables: 197
Polysyllables: 21
Enter the score you want to calculate (ARI, FK, SMOG, CL, all): > all

Automated Readability Index: (about 12.864444444444445 24-year-olds).
Flesch–Kincaid readability tests: (about 12.954074074074075 24-year-olds).
Simple Measure of Gobbledygook: (about 13.81666964889586 24+-year-olds).
Coleman–Liau index: (about 14.133333333333333 24+-year-olds).

This text should be understood in average by 24+-year-olds.
?[1;31m
Start test 2?[0m
Words: 137
Sentences: 14
Characters: 687
Syllables: 210
Polysyllables: 18
Enter the score you want to calculate (ARI, FK, SMOG, CL, all): > all

Automated Readability Index: (about 7.081616266944732 14-year-olds).
Flesch–Kincaid readability tests: (about 6.314019812304483 13-year-olds).
Simple Measure of Gobbledygook: (about 9.606745405546679 16-year-olds).
Coleman–Liau index: (about 10.661021897810219 17-year-olds).

This text should be understood in average by 15-year-olds.
?[1;31m
Start test 3?[0m
Words: 180
Sentences: 13
Characters: 982
Syllables: 313
Polysyllables: 33
Enter the score you want to calculate (ARI, FK, SMOG, CL, all): > all

Automated Readability Index: (about 11.188743589743588 18-year-olds).
Flesch–Kincaid readability tests: (about 10.328888888888894 17-year-olds).
Simple Measure of Gobbledygook: (about 12.230961643895458 24-year-olds).
Coleman–Liau index: (about 14.140888888888885 24+-year-olds).

This text should be understood in average by 18-year-olds.
]]></system-out>
  <system-err><![CDATA[]]></system-err>
</testsuite>
